<?xml version="1.0" encoding="UTF-8"?>
<!-- Generated by org.testng.reporters.JUnitXMLReporter -->
<testsuite ignored="4" hostname="Nikki" failures="4" tests="9" name="Test" time="102.685" errors="0" timestamp="2022-08-19T15:38:56 IST">
  <testcase classname="org.smokeandregressionpracticeassert.test.Class3PracticeGetScreenShotListner" name="test1" time="14.017">
    <failure type="java.lang.AssertionError" message="The following asserts failed:
	expected [false] but found [true]">
      <![CDATA[java.lang.AssertionError: The following asserts failed:
expected [false] but found [true]
at org.smokeandregressionpracticeassert.test.Class3PracticeGetScreenShotListner.test1(Class3PracticeGetScreenShotListner.java:19)
at java.base/java.util.ArrayList.forEach(ArrayList.java:1511)
... Removed 27 stack frames]]>
    </failure>
  </testcase> <!-- test1 -->
  <testcase classname="org.smokeandregressionpracticeassert.test.Class3PracticeGetScreenShotListner" name="test2" time="16.006"/>
  <testcase classname="org.smokeandregressionpracticeassert.test.Class3PracticeGetScreenShotListner" name="test3" time="18.009"/>
  <testcase classname="org.smokeandregressionpracticeassert.test.Class1Practice" name="test1" time="2.003">
    <failure type="java.lang.AssertionError" message="The following asserts failed:
	expected [B] but found [A]">
      <![CDATA[java.lang.AssertionError: The following asserts failed:
expected [B] but found [A]
at org.smokeandregressionpracticeassert.test.Class1Practice.test1(Class1Practice.java:17)
at java.base/java.util.ArrayList.forEach(ArrayList.java:1511)
... Removed 27 stack frames]]>
    </failure>
  </testcase> <!-- test1 -->
  <testcase classname="org.smokeandregressionpracticeassert.test.Class1Practice" name="test2" time="0.002">
    <failure type="java.lang.AssertionError" message="expected [B] but found [A]">
      <![CDATA[java.lang.AssertionError: expected [B] but found [A]
at org.smokeandregressionpracticeassert.test.Class1Practice.test2(Class1Practice.java:23)
at java.base/java.util.ArrayList.forEach(ArrayList.java:1511)
... Removed 31 stack frames]]>
    </failure>
  </testcase> <!-- test2 -->
  <testcase classname="org.smokeandregressionpracticeassert.test.Class1Practice" name="test3" time="6.005"/>
  <testcase classname="org.smokeandregressionpracticeassert.test.Class2Practice" name="test1" time="8.012">
    <failure type="java.lang.AssertionError" message="The following asserts failed:
	expected [B] but found [A]">
      <![CDATA[java.lang.AssertionError: The following asserts failed:
expected [B] but found [A]
at org.smokeandregressionpracticeassert.test.Class2Practice.test1(Class2Practice.java:16)
at java.base/java.util.ArrayList.forEach(ArrayList.java:1511)
... Removed 27 stack frames]]>
    </failure>
  </testcase> <!-- test1 -->
  <testcase classname="org.smokeandregressionpracticeassert.test.Class2Practice" name="test2" time="10.003"/>
  <testcase classname="org.smokeandregressionpracticeassert.test.Class2Practice" name="test3" time="12.003"/>
  <testcase classname="com.genericutility.BaseClass" name="@AfterSuite configAS" time="0.0">
    <ignored/>
  </testcase> <!-- @AfterSuite configAS -->
  <testcase classname="com.genericutility.BaseClass" name="@AfterSuite configAS" time="0.0">
    <ignored/>
  </testcase> <!-- @AfterSuite configAS -->
  <testcase classname="com.genericutility.BaseClass" name="@BeforeSuite configBS" time="0.0">
    <ignored/>
  </testcase> <!-- @BeforeSuite configBS -->
  <testcase classname="com.genericutility.BaseClass" name="@BeforeSuite configBS" time="0.0">
    <ignored/>
  </testcase> <!-- @BeforeSuite configBS -->
</testsuite> <!-- Test -->
